<?xml version="1.0" encoding="UTF-8"?>
<!-- Generated by org.testng.reporters.JUnitXMLReporter -->
<testsuite ignored="0" hostname="werns-MacBook-Pro.local" failures="0" tests="10" name="Surefire test" time="103.42" errors="0" timestamp="2024-10-26T15:18:02 BST">
  <testcase classname="Tests.SeleniumTest" name="detailPageValidation" time="6.033"/>
  <testcase classname="Tests.SeleniumTest" name="homePageValidation" time="2.387"/>
  <testcase classname="Tests.SeleniumTest" name="validateBMVDetailsAreCorrect" time="4.83"/>
  <testcase classname="Tests.SeleniumTest" name="validateBMVPriceRange" time="7.672"/>
  <testcase classname="Tests.SeleniumTest" name="validateSkodaDetailsAreCorrect" time="5.91"/>
  <testcase classname="Tests.SeleniumTest" name="validateSkodaPriceRange" time="8.611"/>
  <testcase classname="Tests.SeleniumTest" name="validateToyotaDetailsAreCorrect" time="5.315"/>
  <testcase classname="Tests.SeleniumTest" name="validateToyotaPriceRange" time="9.238"/>
  <testcase classname="Tests.SeleniumTest" name="validateVolkswagenDetailsAreCorrect" time="11.933"/>
  <testcase classname="Tests.SeleniumTest" name="validateVolkswagenPriceRange" time="15.127"/>
</testsuite> <!-- Surefire test -->
